# JRE version: OpenJDK Runtime Environment Temurin-21.0.9+10 (21.0.9+10) (build 21.0.9+10-LTS)
# Java VM: OpenJDK 64-Bit Server VM Temurin-21.0.9+10 (21.0.9+10-LTS, mixed mode, sharing, tiered, compressed oops, compressed class ptrs, parallel gc, windows-amd64)
GC Precious Log:
 CardTable entry size: 512
 CPUs: 12 total, 12 available
 Memory: 14188M
 Large Page Support: Disabled
 NUMA Support: Disabled
 Compressed Oops: Enabled (32-bit)
 Alignments: Space 512K, Generation 512K, Heap 2M
 Heap Min Capacity: 100M
 Heap Initial Capacity: 100M
 Heap Max Capacity: 2G
 Pre-touch: Disabled
 Parallel Workers: 10
Heap:
 PSYoungGen      total 2560K, used 1556K [0x00000000d5580000, 0x00000000d5880000, 0x0000000100000000)
  eden space 1536K, 71% used [0x00000000d5580000,0x00000000d56930b8,0x00000000d5700000)
  from space 1024K, 44% used [0x00000000d5700000,0x00000000d5772d18,0x00000000d5800000)
  to   space 512K, 0% used [0x00000000d5800000,0x00000000d5800000,0x00000000d5880000)
 ParOldGen       total 268800K, used 186397K [0x0000000080000000, 0x0000000090680000, 0x00000000d5580000)
  object space 268800K, 69% used [0x0000000080000000,0x000000008b607688,0x0000000090680000)
 Metaspace       used 88330K, committed 89920K, reserved 1179648K
  class space    used 9771K, committed 10496K, reserved 1048576K
GC Heap History (20 events):
Event: 8605.514 GC heap before
{Heap before GC invocations=694 (full 4):
 PSYoungGen      total 2048K, used 1952K [0x00000000d5580000, 0x00000000d5880000, 0x0000000100000000)
  eden space 1536K, 100% used [0x00000000d5580000,0x00000000d5700000,0x00000000d5700000)
  from space 512K, 81% used [0x00000000d5780000,0x00000000d57e8020,0x00000000d5800000)
  to   space 512K, 0% used [0x00000000d5800000,0x00000000d5800000,0x00000000d5880000)
 ParOldGen       total 268800K, used 182907K [0x0000000080000000, 0x0000000090680000, 0x00000000d5580000)
  object space 268800K, 68% used [0x0000000080000000,0x000000008b29ed58,0x0000000090680000)
 Metaspace       used 87946K, committed 89536K, reserved 1179648K
  class space    used 9763K, committed 10496K, reserved 1048576K
}
Event: 8605.515 GC heap after
{Heap after GC invocations=694 (full 4):
 PSYoungGen      total 2048K, used 480K [0x00000000d5580000, 0x00000000d5880000, 0x0000000100000000)
  eden space 1536K, 0% used [0x00000000d5580000,0x00000000d5580000,0x00000000d5700000)
  from space 512K, 93% used [0x00000000d5800000,0x00000000d5878000,0x00000000d5880000)
  to   space 512K, 0% used [0x00000000d5780000,0x00000000d5780000,0x00000000d5800000)
 ParOldGen       total 268800K, used 183131K [0x0000000080000000, 0x0000000090680000, 0x00000000d5580000)
  object space 268800K, 68% used [0x0000000080000000,0x000000008b2d6d78,0x0000000090680000)
 Metaspace       used 87946K, committed 89536K, reserved 1179648K
  class space    used 9763K, committed 10496K, reserved 1048576K
}
Event: 8605.530 GC heap before
{Heap before GC invocations=695 (full 4):
 PSYoungGen      total 2048K, used 2010K [0x00000000d5580000, 0x00000000d5880000, 0x0000000100000000)
  eden space 1536K, 99% used [0x00000000d5580000,0x00000000d56feae8,0x00000000d5700000)
  from space 512K, 93% used [0x00000000d5800000,0x00000000d5878000,0x00000000d5880000)
  to   space 512K, 0% used [0x00000000d5780000,0x00000000d5780000,0x00000000d5800000)
 ParOldGen       total 268800K, used 183131K [0x0000000080000000, 0x0000000090680000, 0x00000000d5580000)
  object space 268800K, 68% used [0x0000000080000000,0x000000008b2d6d78,0x0000000090680000)
 Metaspace       used 87993K, committed 89600K, reserved 1179648K
  class space    used 9763K, committed 10496K, reserved 1048576K
}
Event: 8605.530 GC heap after
{Heap after GC invocations=695 (full 4):
 PSYoungGen      total 2048K, used 497K [0x00000000d5580000, 0x00000000d5880000, 0x0000000100000000)
  eden space 1536K, 0% used [0x00000000d5580000,0x00000000d5580000,0x00000000d5700000)
  from space 512K, 97% used [0x00000000d5780000,0x00000000d57fc6d8,0x00000000d5800000)
  to   space 512K, 0% used [0x00000000d5800000,0x00000000d5800000,0x00000000d5880000)
 ParOldGen       total 268800K, used 183427K [0x0000000080000000, 0x0000000090680000, 0x00000000d5580000)
  object space 268800K, 68% used [0x0000000080000000,0x000000008b320d88,0x0000000090680000)
 Metaspace       used 87993K, committed 89600K, reserved 1179648K
  class space    used 9763K, committed 10496K, reserved 1048576K
}
Event: 8605.544 GC heap before
{Heap before GC invocations=696 (full 4):
 PSYoungGen      total 2048K, used 2033K [0x00000000d5580000, 0x00000000d5880000, 0x0000000100000000)
  eden space 1536K, 100% used [0x00000000d5580000,0x00000000d5700000,0x00000000d5700000)
  from space 512K, 97% used [0x00000000d5780000,0x00000000d57fc6d8,0x00000000d5800000)
  to   space 512K, 0% used [0x00000000d5800000,0x00000000d5800000,0x00000000d5880000)
 ParOldGen       total 268800K, used 183427K [0x0000000080000000, 0x0000000090680000, 0x00000000d5580000)
  object space 268800K, 68% used [0x0000000080000000,0x000000008b320d88,0x0000000090680000)
 Metaspace       used 88021K, committed 89664K, reserved 1179648K
  class space    used 9764K, committed 10496K, reserved 1048576K
}
Event: 8605.545 GC heap after
{Heap after GC invocations=696 (full 4):
 PSYoungGen      total 2048K, used 488K [0x00000000d5580000, 0x00000000d5880000, 0x0000000100000000)
  eden space 1536K, 0% used [0x00000000d5580000,0x00000000d5580000,0x00000000d5700000)
  from space 512K, 95% used [0x00000000d5800000,0x00000000d587a3f0,0x00000000d5880000)
  to   space 512K, 0% used [0x00000000d5780000,0x00000000d5780000,0x00000000d5800000)
 ParOldGen       total 268800K, used 183734K [0x0000000080000000, 0x0000000090680000, 0x00000000d5580000)
  object space 268800K, 68% used [0x0000000080000000,0x000000008b36da50,0x0000000090680000)
 Metaspace       used 88021K, committed 89664K, reserved 1179648K
  class space    used 9764K, committed 10496K, reserved 1048576K
}
Event: 8605.556 GC heap before
{Heap before GC invocations=697 (full 4):
 PSYoungGen      total 2048K, used 2024K [0x00000000d5580000, 0x00000000d5880000, 0x0000000100000000)
  eden space 1536K, 100% used [0x00000000d5580000,0x00000000d5700000,0x00000000d5700000)
  from space 512K, 95% used [0x00000000d5800000,0x00000000d587a3f0,0x00000000d5880000)
  to   space 512K, 0% used [0x00000000d5780000,0x00000000d5780000,0x00000000d5800000)
 ParOldGen       total 268800K, used 183734K [0x0000000080000000, 0x0000000090680000, 0x00000000d5580000)
  object space 268800K, 68% used [0x0000000080000000,0x000000008b36da50,0x0000000090680000)
 Metaspace       used 88023K, committed 89664K, reserved 1179648K
  class space    used 9764K, committed 10496K, reserved 1048576K
}
Event: 8605.557 GC heap after
{Heap after GC invocations=697 (full 4):
 PSYoungGen      total 2048K, used 480K [0x00000000d5580000, 0x00000000d5880000, 0x0000000100000000)
  eden space 1536K, 0% used [0x00000000d5580000,0x00000000d5580000,0x00000000d5700000)
  from space 512K, 93% used [0x00000000d5780000,0x00000000d57f8000,0x00000000d5800000)
  to   space 512K, 0% used [0x00000000d5800000,0x00000000d5800000,0x00000000d5880000)
 ParOldGen       total 268800K, used 184086K [0x0000000080000000, 0x0000000090680000, 0x00000000d5580000)
  object space 268800K, 68% used [0x0000000080000000,0x000000008b3c5910,0x0000000090680000)
 Metaspace       used 88023K, committed 89664K, reserved 1179648K
  class space    used 9764K, committed 10496K, reserved 1048576K
}
Event: 8605.565 GC heap before
{Heap before GC invocations=698 (full 4):
 PSYoungGen      total 2048K, used 2016K [0x00000000d5580000, 0x00000000d5880000, 0x0000000100000000)
  eden space 1536K, 100% used [0x00000000d5580000,0x00000000d5700000,0x00000000d5700000)
  from space 512K, 93% used [0x00000000d5780000,0x00000000d57f8000,0x00000000d5800000)
  to   space 512K, 0% used [0x00000000d5800000,0x00000000d5800000,0x00000000d5880000)
 ParOldGen       total 268800K, used 184086K [0x0000000080000000, 0x0000000090680000, 0x00000000d5580000)
  object space 268800K, 68% used [0x0000000080000000,0x000000008b3c5910,0x0000000090680000)
 Metaspace       used 88032K, committed 89664K, reserved 1179648K
  class space    used 9764K, committed 10496K, reserved 1048576K
}
Event: 8605.566 GC heap after
{Heap after GC invocations=698 (full 4):
 PSYoungGen      total 2048K, used 471K [0x00000000d5580000, 0x00000000d5880000, 0x0000000100000000)
  eden space 1536K, 0% used [0x00000000d5580000,0x00000000d5580000,0x00000000d5700000)
  from space 512K, 92% used [0x00000000d5800000,0x00000000d5875d20,0x00000000d5880000)
  to   space 512K, 0% used [0x00000000d5780000,0x00000000d5780000,0x00000000d5800000)
 ParOldGen       total 268800K, used 184350K [0x0000000080000000, 0x0000000090680000, 0x00000000d5580000)
  object space 268800K, 68% used [0x0000000080000000,0x000000008b407910,0x0000000090680000)
 Metaspace       used 88032K, committed 89664K, reserved 1179648K
  class space    used 9764K, committed 10496K, reserved 1048576K
}
Event: 8605.578 GC heap before
{Heap before GC invocations=699 (full 4):
 PSYoungGen      total 2048K, used 2007K [0x00000000d5580000, 0x00000000d5880000, 0x0000000100000000)
  eden space 1536K, 100% used [0x00000000d5580000,0x00000000d5700000,0x00000000d5700000)
  from space 512K, 92% used [0x00000000d5800000,0x00000000d5875d20,0x00000000d5880000)
  to   space 512K, 0% used [0x00000000d5780000,0x00000000d5780000,0x00000000d5800000)
 ParOldGen       total 268800K, used 184350K [0x0000000080000000, 0x0000000090680000, 0x00000000d5580000)
  object space 268800K, 68% used [0x0000000080000000,0x000000008b407910,0x0000000090680000)
 Metaspace       used 88056K, committed 89664K, reserved 1179648K
  class space    used 9766K, committed 10496K, reserved 1048576K
}
Event: 8605.579 GC heap after
{Heap after GC invocations=699 (full 4):
 PSYoungGen      total 2048K, used 448K [0x00000000d5580000, 0x00000000d5880000, 0x0000000100000000)
  eden space 1536K, 0% used [0x00000000d5580000,0x00000000d5580000,0x00000000d5700000)
  from space 512K, 87% used [0x00000000d5780000,0x00000000d57f0000,0x00000000d5800000)
  to   space 512K, 0% used [0x00000000d5800000,0x00000000d5800000,0x00000000d5880000)
 ParOldGen       total 268800K, used 184582K [0x0000000080000000, 0x0000000090680000, 0x00000000d5580000)
  object space 268800K, 68% used [0x0000000080000000,0x000000008b441910,0x0000000090680000)
 Metaspace       used 88056K, committed 89664K, reserved 1179648K
  class space    used 9766K, committed 10496K, reserved 1048576K
}
Event: 8605.594 GC heap before
{Heap before GC invocations=700 (full 4):
 PSYoungGen      total 2048K, used 1984K [0x00000000d5580000, 0x00000000d5880000, 0x0000000100000000)
  eden space 1536K, 100% used [0x00000000d5580000,0x00000000d5700000,0x00000000d5700000)
  from space 512K, 87% used [0x00000000d5780000,0x00000000d57f0000,0x00000000d5800000)
  to   space 512K, 0% used [0x00000000d5800000,0x00000000d5800000,0x00000000d5880000)
 ParOldGen       total 268800K, used 184582K [0x0000000080000000, 0x0000000090680000, 0x00000000d5580000)
  object space 268800K, 68% used [0x0000000080000000,0x000000008b441910,0x0000000090680000)
 Metaspace       used 88111K, committed 89728K, reserved 1179648K
  class space    used 9766K, committed 10496K, reserved 1048576K
}
Event: 8605.595 GC heap after
{Heap after GC invocations=700 (full 4):
 PSYoungGen      total 2048K, used 448K [0x00000000d5580000, 0x00000000d5880000, 0x0000000100000000)
  eden space 1536K, 0% used [0x00000000d5580000,0x00000000d5580000,0x00000000d5700000)
  from space 512K, 87% used [0x00000000d5800000,0x00000000d5870000,0x00000000d5880000)
  to   space 512K, 0% used [0x00000000d5780000,0x00000000d5780000,0x00000000d5800000)
 ParOldGen       total 268800K, used 184854K [0x0000000080000000, 0x0000000090680000, 0x00000000d5580000)
  object space 268800K, 68% used [0x0000000080000000,0x000000008b485810,0x0000000090680000)
 Metaspace       used 88111K, committed 89728K, reserved 1179648K
  class space    used 9766K, committed 10496K, reserved 1048576K
}
Event: 8605.615 GC heap before
{Heap before GC invocations=701 (full 4):
 PSYoungGen      total 2048K, used 1984K [0x00000000d5580000, 0x00000000d5880000, 0x0000000100000000)
  eden space 1536K, 100% used [0x00000000d5580000,0x00000000d5700000,0x00000000d5700000)
  from space 512K, 87% used [0x00000000d5800000,0x00000000d5870000,0x00000000d5880000)
  to   space 512K, 0% used [0x00000000d5780000,0x00000000d5780000,0x00000000d5800000)
 ParOldGen       total 268800K, used 184854K [0x0000000080000000, 0x0000000090680000, 0x00000000d5580000)
  object space 268800K, 68% used [0x0000000080000000,0x000000008b485810,0x0000000090680000)
 Metaspace       used 88167K, committed 89792K, reserved 1179648K
  class space    used 9768K, committed 10496K, reserved 1048576K
}
Event: 8605.616 GC heap after
{Heap after GC invocations=701 (full 4):
 PSYoungGen      total 2048K, used 384K [0x00000000d5580000, 0x00000000d5880000, 0x0000000100000000)
  eden space 1536K, 0% used [0x00000000d5580000,0x00000000d5580000,0x00000000d5700000)
  from space 512K, 75% used [0x00000000d5780000,0x00000000d57e0000,0x00000000d5800000)
  to   space 512K, 0% used [0x00000000d5800000,0x00000000d5800000,0x00000000d5880000)
 ParOldGen       total 268800K, used 185114K [0x0000000080000000, 0x0000000090680000, 0x00000000d5580000)
  object space 268800K, 68% used [0x0000000080000000,0x000000008b4c6830,0x0000000090680000)
 Metaspace       used 88167K, committed 89792K, reserved 1179648K
  class space    used 9768K, committed 10496K, reserved 1048576K
}
Event: 8605.633 GC heap before
{Heap before GC invocations=702 (full 4):
 PSYoungGen      total 2048K, used 1901K [0x00000000d5580000, 0x00000000d5880000, 0x0000000100000000)
  eden space 1536K, 98% used [0x00000000d5580000,0x00000000d56fb620,0x00000000d5700000)
  from space 512K, 75% used [0x00000000d5780000,0x00000000d57e0000,0x00000000d5800000)
  to   space 512K, 0% used [0x00000000d5800000,0x00000000d5800000,0x00000000d5880000)
 ParOldGen       total 268800K, used 185114K [0x0000000080000000, 0x0000000090680000, 0x00000000d5580000)
  object space 268800K, 68% used [0x0000000080000000,0x000000008b4c6830,0x0000000090680000)
 Metaspace       used 88202K, committed 89856K, reserved 1179648K
  class space    used 9768K, committed 10496K, reserved 1048576K
}
Event: 8605.634 GC heap after
{Heap after GC invocations=702 (full 4):
 PSYoungGen      total 2048K, used 467K [0x00000000d5580000, 0x00000000d5880000, 0x0000000100000000)
  eden space 1536K, 0% used [0x00000000d5580000,0x00000000d5580000,0x00000000d5700000)
  from space 512K, 91% used [0x00000000d5800000,0x00000000d5874e28,0x00000000d5880000)
  to   space 512K, 0% used [0x00000000d5780000,0x00000000d5780000,0x00000000d5800000)
 ParOldGen       total 268800K, used 185366K [0x0000000080000000, 0x0000000090680000, 0x00000000d5580000)
  object space 268800K, 68% used [0x0000000080000000,0x000000008b505840,0x0000000090680000)
 Metaspace       used 88202K, committed 89856K, reserved 1179648K
  class space    used 9768K, committed 10496K, reserved 1048576K
}
Event: 8605.644 GC heap before
{Heap before GC invocations=703 (full 4):
 PSYoungGen      total 2048K, used 2003K [0x00000000d5580000, 0x00000000d5880000, 0x0000000100000000)
  eden space 1536K, 100% used [0x00000000d5580000,0x00000000d5700000,0x00000000d5700000)
  from space 512K, 91% used [0x00000000d5800000,0x00000000d5874e28,0x00000000d5880000)
  to   space 512K, 0% used [0x00000000d5780000,0x00000000d5780000,0x00000000d5800000)
 ParOldGen       total 268800K, used 185366K [0x0000000080000000, 0x0000000090680000, 0x00000000d5580000)
  object space 268800K, 68% used [0x0000000080000000,0x000000008b505840,0x0000000090680000)
 Metaspace       used 88220K, committed 89856K, reserved 1179648K
  class space    used 9768K, committed 10496K, reserved 1048576K
}
Event: 8605.646 GC heap after
{Heap after GC invocations=703 (full 4):
 PSYoungGen      total 2048K, used 512K [0x00000000d5580000, 0x00000000d5900000, 0x0000000100000000)
  eden space 1536K, 0% used [0x00000000d5580000,0x00000000d5580000,0x00000000d5700000)
  from space 512K, 100% used [0x00000000d5780000,0x00000000d5800000,0x00000000d5800000)
  to   space 1024K, 0% used [0x00000000d5800000,0x00000000d5800000,0x00000000d5900000)
 ParOldGen       total 268800K, used 185713K [0x0000000080000000, 0x0000000090680000, 0x00000000d5580000)
  object space 268800K, 69% used [0x0000000080000000,0x000000008b55c668,0x0000000090680000)
 Metaspace       used 88220K, committed 89856K, reserved 1179648K
  class space    used 9768K, committed 10496K, reserved 1048576K
}

